<?xml version="1.0" encoding="UTF-8"?>
<!-- Generated by org.testng.reporters.JUnitReportReporter -->
<testsuite skipped="0" hostname="sivakuka01" name="tests.testCase_PF" tests="2" failures="0" timestamp="21 Aug 2021 00:14:08 GMT" time="8.901" errors="0">
  <testcase name="test1" time="3.651" classname="tests.testCase_PF"/>
  <testcase name="test2" time="5.250" classname="tests.testCase_PF"/>
</testsuite> <!-- tests.testCase_PF -->
